<?xml version="1.0" encoding="UTF-8"?>
<!-- Generated by org.testng.reporters.JUnitReportReporter -->
<testsuite skipped="0" hostname="DESKTOP-VNKLQ4T" name="TestTest" tests="3" failures="0" timestamp="02 дек 2017 16:06:41 GMT" time="34.943" errors="0">
  <testcase name="openSite" time="19.575" classname="TestTest"/>
  <testcase name="findWrongAd" time="4.885" classname="TestTest"/>
  <testcase name="findRightAd" time="10.483" classname="TestTest"/>
</testsuite> <!-- TestTest -->
